SF:lib\bloc\bloc.dart
DA:11,6
DA:12,4
DA:15,1
DA:16,5
DA:17,5
DA:19,2
DA:20,1
DA:21,0
DA:24,2
DA:25,3
DA:28,3
DA:29,2
DA:31,4
LF:13
LH:12
end_of_record
SF:lib\bloc\event.dart
DA:9,1
DA:11,0
DA:12,0
LF:3
LH:1
end_of_record
SF:lib\bloc\state.dart
DA:7,0
DA:8,0
DA:13,1
DA:14,1
DA:22,1
DA:24,1
DA:25,3
LF:7
LH:5
end_of_record
SF:lib\main.dart
DA:10,0
DA:11,0
DA:15,2
DA:17,1
DA:19,2
DA:23,1
DA:24,2
DA:25,1
DA:27,1
DA:31,1
DA:32,1
DA:33,0
LF:12
LH:9
end_of_record
SF:lib\views\first_page_view.dart
DA:9,1
DA:11,1
DA:12,1
DA:19,1
DA:21,1
DA:22,1
DA:23,1
DA:25,1
DA:27,5
DA:31,1
DA:33,1
DA:34,1
DA:35,1
DA:36,1
DA:37,2
DA:40,0
DA:41,0
DA:44,0
DA:51,1
DA:52,1
DA:53,1
DA:55,1
DA:56,1
DA:57,1
DA:59,1
DA:62,1
DA:64,1
DA:65,1
DA:66,1
DA:69,1
DA:70,4
DA:71,4
DA:74,1
DA:76,1
DA:77,1
DA:78,1
DA:81,1
DA:82,4
DA:83,1
DA:84,3
DA:89,1
DA:90,1
DA:91,0
DA:93,0
DA:96,3
DA:102,0
DA:105,0
DA:106,0
DA:107,0
DA:108,0
DA:109,0
DA:110,0
DA:111,0
DA:118,0
DA:119,0
LF:55
LH:40
end_of_record
SF:lib\views\second_page_view.dart
DA:8,1
DA:10,0
DA:11,0
DA:15,0
DA:17,0
DA:18,0
DA:21,0
DA:22,0
DA:23,0
DA:24,0
DA:25,0
DA:28,0
DA:29,0
DA:32,0
DA:38,0
DA:41,0
DA:42,0
DA:45,0
DA:46,0
DA:48,0
DA:51,0
DA:52,0
DA:54,0
DA:56,0
DA:57,0
DA:58,0
DA:64,0
DA:65,0
DA:66,0
DA:67,0
DA:69,0
LF:31
LH:1
end_of_record
