SF:lib\bloc\bloc.dart
DA:11,6
DA:12,4
DA:15,1
DA:16,3
DA:17,4
DA:18,4
DA:20,2
DA:21,1
DA:22,0
DA:25,2
DA:26,3
DA:29,3
DA:30,2
DA:32,4
LF:14
LH:13
end_of_record
SF:lib\bloc\event.dart
DA:9,2
DA:11,1
DA:12,2
LF:3
LH:3
end_of_record
SF:lib\bloc\state.dart
DA:7,0
DA:8,0
DA:13,1
DA:14,1
DA:22,1
DA:24,1
DA:25,3
LF:7
LH:5
end_of_record
SF:lib\utils\util.dart
DA:4,6
DA:7,2
DA:8,2
DA:10,4
DA:13,2
DA:14,8
DA:15,2
DA:18,2
DA:19,6
DA:20,2
LF:10
LH:10
end_of_record
SF:lib\main.dart
DA:10,0
DA:11,0
DA:15,2
DA:17,1
DA:19,2
DA:23,1
DA:24,2
DA:25,1
DA:27,1
DA:31,1
DA:32,1
DA:33,0
LF:12
LH:9
end_of_record
SF:lib\views\first_page_view.dart
DA:11,2
DA:13,1
DA:14,1
DA:21,1
DA:23,1
DA:24,1
DA:25,1
DA:27,1
DA:29,1
DA:30,1
DA:31,1
DA:33,1
DA:34,1
DA:38,1
DA:40,1
DA:41,1
DA:42,1
DA:43,1
DA:44,2
DA:47,0
DA:48,0
DA:51,0
DA:58,1
DA:59,1
DA:60,1
DA:62,1
DA:63,1
DA:64,1
DA:66,1
DA:67,1
DA:69,1
DA:74,1
DA:75,4
DA:77,4
DA:80,1
DA:82,1
DA:87,1
DA:88,4
DA:89,1
DA:90,3
DA:95,1
DA:96,1
DA:98,2
DA:104,1
DA:105,2
DA:106,1
DA:107,1
DA:108,1
DA:109,5
DA:110,2
DA:114,1
DA:115,3
LF:52
LH:49
end_of_record
SF:lib\views\second_page_view.dart
DA:8,2
DA:10,1
DA:11,1
DA:15,1
DA:17,1
DA:18,1
DA:21,1
DA:22,1
DA:23,1
DA:24,1
DA:25,2
DA:28,0
DA:29,0
DA:32,0
DA:38,1
DA:41,1
DA:42,0
DA:45,1
DA:46,1
DA:47,1
DA:49,1
DA:51,1
DA:52,1
DA:53,1
DA:59,1
DA:60,1
DA:62,1
DA:63,1
DA:64,1
DA:67,1
DA:68,1
DA:69,1
DA:70,0
DA:71,0
DA:73,0
LF:35
LH:28
end_of_record
